<?xml version="1.0" encoding="UTF-8"?>
<!-- Generated by org.testng.reporters.JUnitXMLReporter -->
<testsuite hostname="tejaswini" ignored="0" name="Test" tests="10" failures="2" timestamp="25 Jun 2018 11:58:15 GMT" time="511.492" errors="0">
  <testcase name="acc" time="6.497" classname="Scripts.Testcase1"/>
  <testcase name="test" time="15.588" classname="Scripts.Testcase2"/>
  <testcase name="testcase" time="38.884" classname="Scripts.TestCase7">
    <failure type="java.lang.AssertionError" message="expected [Your Shopping Cart – Tastemade] but found [Recipes, Videos, Food &amp;amp; Travel Shows | Tastemade]">
      <![CDATA[java.lang.AssertionError: expected [Your Shopping Cart – Tastemade] but found [Recipes, Videos, Food & Travel Shows | Tastemade]at GenericLib.BasePage.verifytitle(BasePage.java:19)at Scripts.TestCase7.testcase(TestCase7.java:37)... Removed 31 stack frames]]>
    </failure>
  </testcase> <!-- testcase -->
  <testcase name="test3" time="40.065" classname="Scripts.Testcase3"/>
  <testcase name="test" time="13.466" classname="Scripts.TestCase6"/>
  <testcase name="test" time="36.892" classname="Scripts.TestCase9"/>
  <testcase name="test" time="45.965" classname="Scripts.TestCase8"/>
  <testcase name="shop" time="64.05" classname="Scripts.TestCase5"/>
  <testcase name="login" time="26.865" classname="Scripts.TestCase4"/>
  <testcase name="test" time="19.878" classname="Scripts.TestCase10">
    <failure type="java.lang.AssertionError" message="expected [Recipes, Videos, Food &amp;amp; Travel Shows | Tastemade] but found [Account – Tastemade]">
      <![CDATA[java.lang.AssertionError: expected [Recipes, Videos, Food & Travel Shows | Tastemade] but found [Account – Tastemade]at GenericLib.BasePage.verifytitle(BasePage.java:19)at Scripts.TestCase10.test(TestCase10.java:29)... Removed 31 stack frames]]>
    </failure>
  </testcase> <!-- test -->
</testsuite> <!-- Test -->
